Issue #396 symbolic-alpha no-full primitive rank-2 certifier
q=577, L2=(16,4), support_window=[16,128), supports=C(112,3)=227920, workers=2

progress supports=1000
progress supports=2000
progress supports=3000
progress supports=4000
progress supports=5000
progress supports=6000
progress supports=7000
progress supports=8000
progress supports=9000
progress supports=10000
progress supports=11000
progress supports=12000
progress supports=13000
progress supports=14000
progress supports=15000
progress supports=16000
progress supports=17000
progress supports=18000
progress supports=19000
progress supports=20000
progress supports=21000
progress supports=22000
progress supports=23000
progress supports=24000
progress supports=25000
progress supports=26000
progress supports=27000
progress supports=28000
progress supports=29000
progress supports=30000
progress supports=31000
progress supports=32000
progress supports=33000
progress supports=34000
progress supports=35000
progress supports=36000
progress supports=37000
progress supports=38000
progress supports=39000
progress supports=40000
progress supports=41000
progress supports=42000
progress supports=43000
progress supports=44000
progress supports=45000
progress supports=46000
progress supports=47000
progress supports=48000
progress supports=49000
progress supports=50000
progress supports=51000
progress supports=52000
progress supports=53000
progress supports=54000
progress supports=55000
progress supports=56000
progress supports=57000
progress supports=58000
progress supports=59000
progress supports=60000
progress supports=61000
progress supports=62000
progress supports=63000
progress supports=64000
progress supports=65000
progress supports=66000
progress supports=67000
progress supports=68000
progress supports=69000
progress supports=70000
progress supports=71000
progress supports=72000
progress supports=73000
progress supports=74000
progress supports=75000
progress supports=76000
progress supports=77000
progress supports=78000
progress supports=79000
progress supports=80000
progress supports=81000
progress supports=82000
progress supports=83000
progress supports=84000
progress supports=85000
progress supports=86000
progress supports=87000
progress supports=88000
progress supports=89000
progress supports=90000
progress supports=91000
progress supports=92000
progress supports=93000
progress supports=94000
progress supports=95000
progress supports=96000
progress supports=97000
progress supports=98000
progress supports=99000
progress supports=100000
progress supports=101000
progress supports=102000
progress supports=103000
progress supports=104000
progress supports=105000
progress supports=106000
progress supports=107000
progress supports=108000
progress supports=109000
progress supports=110000
progress supports=111000
progress supports=112000
progress supports=113000
progress supports=114000
progress supports=115000
progress supports=116000
progress supports=117000
progress supports=118000
progress supports=119000
progress supports=120000
progress supports=121000
progress supports=122000
progress supports=123000
progress supports=124000
progress supports=125000
progress supports=126000
progress supports=127000
progress supports=128000
progress supports=129000
progress supports=130000
progress supports=131000
progress supports=132000
progress supports=133000
progress supports=134000
progress supports=135000
progress supports=136000
progress supports=137000
progress supports=138000
progress supports=139000
progress supports=140000
progress supports=141000
progress supports=142000
progress supports=143000
progress supports=144000
progress supports=145000
progress supports=146000
progress supports=147000
progress supports=148000
progress supports=149000
progress supports=150000
progress supports=151000
progress supports=152000
progress supports=153000
progress supports=154000
progress supports=155000
progress supports=156000
progress supports=157000
progress supports=158000
progress supports=159000
progress supports=160000
progress supports=161000
progress supports=162000
progress supports=163000
progress supports=164000
progress supports=165000
progress supports=166000
progress supports=167000
progress supports=168000
progress supports=169000
progress supports=170000
progress supports=171000
progress supports=172000
progress supports=173000
progress supports=174000
progress supports=175000
progress supports=176000
progress supports=177000
progress supports=178000
progress supports=179000
progress supports=180000
progress supports=181000
progress supports=182000
progress supports=183000
progress supports=184000
progress supports=185000
progress supports=186000
progress supports=187000
progress supports=188000
progress supports=189000
progress supports=190000
progress supports=191000
progress supports=192000
progress supports=193000
progress supports=194000
progress supports=195000
progress supports=196000
progress supports=197000
progress supports=198000
progress supports=199000
progress supports=200000
progress supports=201000
progress supports=202000
progress supports=203000
progress supports=204000
progress supports=205000
progress supports=206000
progress supports=207000
progress supports=208000
progress supports=209000
progress supports=210000
progress supports=211000
progress supports=212000
progress supports=213000
progress supports=214000
progress supports=215000
progress supports=216000
progress supports=217000
progress supports=218000
progress supports=219000
progress supports=220000
progress supports=221000
progress supports=222000
progress supports=223000
progress supports=224000
progress supports=225000
progress supports=226000
progress supports=227000

hist={'all_alpha_subsets': 6112720, 'candidate_subsets': 465750199, 'class:full': 6276096, 'class:rank<2': 459441335, 'class:stabilizer': 32768, 'supports': 227920}
first_counterexample=None
